<?xml version="1.0" encoding="UTF-8"?>
<testsuite xmlns:xsi="http://www.w3.org/2001/XMLSchema-instance" xsi:noNamespaceSchemaLocation="https://maven.apache.org/surefire/maven-surefire-plugin/xsd/surefire-test-report-3.0.xsd" version="3.0" name="org.example.test4.HolidayServiceTests" time="0.27" tests="4" errors="0" skipped="0" failures="0">
  <properties>
[...]
</properties>
  <testcase name="testHolidays_2015" classname="org.example.test4.HolidayServiceTests" time="0.012">
    <system-out><![CDATA[2024-04-20T22:18:11.006-05:00  INFO 13948 --- [test4] [           main] t.c.s.AnnotationConfigContextLoaderUtils : Could not detect default configuration classes for test class [org.example.test4.HolidayServiceTests]: HolidayServiceTests does not declare any static, non-private, non-final, nested classes annotated with @Configuration.
2024-04-20T22:18:11.009-05:00  INFO 13948 --- [test4] [           main] .b.t.c.SpringBootTestContextBootstrapper : Found @SpringBootConfiguration org.example.test4.Test4Application for test class org.example.test4.HolidayServiceTests
]]></system-out>
  </testcase>
  <testcase name="testHolidays_2021" classname="org.example.test4.HolidayServiceTests" time="0.018"/>
  <testcase name="testHolidays_2024" classname="org.example.test4.HolidayServiceTests" time="0.01"/>
  <testcase name="testHolidays_multiple" classname="org.example.test4.HolidayServiceTests" time="0.215"/>
</testsuite>