<?xml version="1.0" encoding="UTF-8"?>
<testsuite xmlns:xsi="http://www.w3.org/2001/XMLSchema-instance" xsi:noNamespaceSchemaLocation="https://maven.apache.org/surefire/maven-surefire-plugin/xsd/surefire-test-report-3.0.xsd" version="3.0" name="org.example.test4.DateUtilsTests" time="7.033" tests="9" errors="0" skipped="0" failures="0">
  <properties>
[...]
</properties>
  <testcase name="testLaborDay2024_Sep2" classname="org.example.test4.DateUtilsTests" time="0.836">
    <system-out><![CDATA[19:17:00.853 [main] INFO org.springframework.test.context.support.AnnotationConfigContextLoaderUtils -- Could not detect default configuration classes for test class [org.example.test4.DateUtilsTests]: DateUtilsTests does not declare any static, non-private, non-final, nested classes annotated with @Configuration.
19:17:01.032 [main] INFO org.springframework.boot.test.context.SpringBootTestContextBootstrapper -- Found @SpringBootConfiguration org.example.test4.Test4Application for test class org.example.test4.DateUtilsTests

  .   ____          _            __ _ _
 /\\ / ___'_ __ _ _(_)_ __  __ _ \ \ \ \
( ( )\___ | '_ | '_| | '_ \/ _` | \ \ \ \
 \\/  ___)| |_)| | | | | || (_| |  ) ) ) )
  '  |____| .__|_| |_|_| |_\__, | / / / /
 =========|_|==============|___/=/_/_/_/
 :: Spring Boot ::                (v3.2.5)

2024-04-19T19:17:01.837-05:00  INFO 17452 --- [test4] [           main] org.example.test4.DateUtilsTests         : Starting DateUtilsTests using Java 17.0.10 with PID 17452 (started by Craig in C:\Users\Craig\OneDrive\Documents\Training - Education\CardinalFinancial\test4)
2024-04-19T19:17:01.839-05:00  INFO 17452 --- [test4] [           main] org.example.test4.DateUtilsTests         : No active profile set, falling back to 1 default profile: "default"
2024-04-19T19:17:02.537-05:00  INFO 17452 --- [test4] [           main] .s.d.r.c.RepositoryConfigurationDelegate : Bootstrapping Spring Data JPA repositories in DEFAULT mode.
2024-04-19T19:17:02.621-05:00  INFO 17452 --- [test4] [           main] .s.d.r.c.RepositoryConfigurationDelegate : Finished Spring Data repository scanning in 70 ms. Found 1 JPA repository interface.
2024-04-19T19:17:03.219-05:00  INFO 17452 --- [test4] [           main] com.zaxxer.hikari.HikariDataSource       : HikariPool-1 - Starting...
2024-04-19T19:17:03.529-05:00  INFO 17452 --- [test4] [           main] com.zaxxer.hikari.pool.HikariPool        : HikariPool-1 - Added connection conn0: url=jdbc:h2:mem:toolsdb user=SA
2024-04-19T19:17:03.531-05:00  INFO 17452 --- [test4] [           main] com.zaxxer.hikari.HikariDataSource       : HikariPool-1 - Start completed.
2024-04-19T19:17:03.609-05:00  INFO 17452 --- [test4] [           main] o.hibernate.jpa.internal.util.LogHelper  : HHH000204: Processing PersistenceUnitInfo [name: default]
2024-04-19T19:17:03.714-05:00  INFO 17452 --- [test4] [           main] org.hibernate.Version                    : HHH000412: Hibernate ORM core version 6.4.4.Final
2024-04-19T19:17:03.778-05:00  INFO 17452 --- [test4] [           main] o.h.c.internal.RegionFactoryInitiator    : HHH000026: Second-level cache disabled
2024-04-19T19:17:04.238-05:00  INFO 17452 --- [test4] [           main] o.s.o.j.p.SpringPersistenceUnitInfo      : No LoadTimeWeaver setup: ignoring JPA class transformer
2024-04-19T19:17:05.601-05:00  INFO 17452 --- [test4] [           main] o.h.e.t.j.p.i.JtaPlatformInitiator       : HHH000489: No JTA platform available (set 'hibernate.transaction.jta.platform' to enable JTA platform integration)
2024-04-19T19:17:05.644-05:00  INFO 17452 --- [test4] [           main] j.LocalContainerEntityManagerFactoryBean : Initialized JPA EntityManagerFactory for persistence unit 'default'
2024-04-19T19:17:06.306-05:00  INFO 17452 --- [test4] [           main] org.example.test4.DateUtilsTests         : Started DateUtilsTests in 4.979 seconds (process running for 6.872)
]]></system-out>
  </testcase>
  <testcase name="testLaborDay2025_Sep1" classname="org.example.test4.DateUtilsTests" time="0.004"/>
  <testcase name="testLaborDay2026_Sep7" classname="org.example.test4.DateUtilsTests" time="0.004"/>
  <testcase name="tst" classname="org.example.test4.DateUtilsTests" time="0.174">
    <system-out><![CDATA[2024-04-19T19:17:07.549-05:00  INFO 17452 --- [test4] [           main] org.example.test4.DateUtilsTests         : All?? [Holidays(id=1, date=2024-07-04), Holidays(id=2, date=2024-07-04)]
]]></system-out>
  </testcase>
  <testcase name="contextLoads" classname="org.example.test4.DateUtilsTests" time="0.005"/>
  <testcase name="testIndependenceDay2024_Jul4" classname="org.example.test4.DateUtilsTests" time="0.009"/>
  <testcase name="testIndependenceDay2025_Jul4" classname="org.example.test4.DateUtilsTests" time="0.007"/>
  <testcase name="testIndependenceDay2026_Jul3" classname="org.example.test4.DateUtilsTests" time="0.006"/>
  <testcase name="testIndependenceDay2027_Jul3" classname="org.example.test4.DateUtilsTests" time="0.004"/>
</testsuite>